-------------------- Log Start | Fri Jan 17 04:30:55 2025 --------------------
platform: Linux-6.1.0-29-amd64-x86_64-with-glibc2.36
data_path: /home/secretjameser/Ender3Pro_data
is_default_data_path: False
config_file: /home/secretjameser/Ender3Pro_data/config/moonraker.conf
backup_config: /home/secretjameser/Ender3Pro_data/config/.moonraker.conf.bkp
startup_warnings: []
verbose: False
debug: False
asyncio_debug: False
is_backup_config: False
is_python_package: False
instance_uuid: f5a595eb585d48de9e462abc9c33a19b
unix_socket_path: /home/secretjameser/Ender3Pro_data/comms/moonraker.sock
software_version: v0.9.3-1-g4e00a07
git_branch: master
git_remote: origin
git_repo_url: https://github.com/Arksine/moonraker.git
modified_files: []
unofficial_components: []
log_file: /home/secretjameser/Ender3Pro_data/logs/moonraker.log
python_version: 3.11.2 (main, Nov 30 2024, 21:22:50) [GCC 12.2.0]
launch_args: /home/secretjameser/moonraker-env/bin/python /home/secretjameser/moonraker/moonraker/moonraker.py -d /home/secretjameser/Ender3Pro_data
msgspec_enabled: False
uvloop_enabled: False

#################### Moonraker Configuration ####################

[server]
host = 0.0.0.0
port = 7125
klippy_uds_address = /home/secretjameser/Ender3Pro_data/comms/klippy.sock

[authorization]
trusted_clients = 
	10.0.0.0/8
	127.0.0.0/8
	169.254.0.0/16
	172.16.0.0/12
	192.168.0.0/16
	FE80::/10
	::1/128
cors_domains = 
	*.lan
	*.local
	*://localhost
	*://localhost:*
	*://my.mainsail.xyz
	*://app.fluidd.xyz

[octoprint_compat]

[history]

[update_manager]
channel = dev
refresh_interval = 168

[update_manager fluidd-config]
type = git_repo
primary_branch = master
path = ~/fluidd-config
origin = https://github.com/fluidd-core/fluidd-config.git
managed_services = klipper

[update_manager fluidd]
type = web
channel = stable
repo = fluidd-core/fluidd
path = ~/fluidd

#################################################################
All Configuration Files:
/home/secretjameser/Ender3Pro_data/config/moonraker.conf
#################################################################
2025-01-16 23:30:55,278 [confighelper.py:read_file()] - Configuration File '/home/secretjameser/Ender3Pro_data/config/moonraker.conf' parsed, total size: 725 B
2025-01-16 23:30:55,279 [server.py:add_log_rollover_item()] - 
#################### Moonraker Configuration ####################

[server]
host = 0.0.0.0
port = 7125
klippy_uds_address = /home/secretjameser/Ender3Pro_data/comms/klippy.sock

[authorization]
trusted_clients = 
	10.0.0.0/8
	127.0.0.0/8
	169.254.0.0/16
	172.16.0.0/12
	192.168.0.0/16
	FE80::/10
	::1/128
cors_domains = 
	*.lan
	*.local
	*://localhost
	*://localhost:*
	*://my.mainsail.xyz
	*://app.fluidd.xyz

[octoprint_compat]

[history]

[update_manager]
channel = dev
refresh_interval = 168

[update_manager fluidd-config]
type = git_repo
primary_branch = master
path = ~/fluidd-config
origin = https://github.com/fluidd-core/fluidd-config.git
managed_services = klipper

[update_manager fluidd]
type = web
channel = stable
repo = fluidd-core/fluidd
path = ~/fluidd

#################################################################
All Configuration Files:
/home/secretjameser/Ender3Pro_data/config/moonraker.conf
#################################################################
2025-01-16 23:30:57,307 [server.py:load_component()] - Component (secrets) loaded
2025-01-16 23:30:57,752 [server.py:load_component()] - Component (template) loaded
2025-01-16 23:30:57,757 [server.py:load_component()] - Component (klippy_connection) loaded
2025-01-16 23:31:10,009 [server.py:load_component()] - Component (application) loaded
2025-01-16 23:31:10,297 [server.py:load_component()] - Component (websockets) loaded
2025-01-16 23:31:10,622 [server.py:add_log_rollover_item()] - Loading Sqlite database provider. Sqlite Version: 3.40.1
2025-01-16 23:31:10,623 [server.py:add_log_rollover_item()] - Unsafe Shutdown Count: 0
2025-01-16 23:31:10,626 [server.py:load_component()] - Component (database) loaded
2025-01-16 23:31:12,012 [server.py:load_component()] - Component (dbus_manager) loaded
2025-01-16 23:31:12,391 [file_manager.py:__init__()] - Using File System Observer: inotify
2025-01-16 23:31:12,522 [server.py:load_component()] - Component (file_manager) loaded
2025-01-16 23:31:12,837 [database.py:register_table()] - Found registered table authorized_users
2025-01-16 23:31:12,838 [authorization.py:__init__()] - Authorization Configuration Loaded
Trusted Clients:
10.0.0.0/8
127.0.0.0/8
169.254.0.0/16
172.16.0.0/12
192.168.0.0/16
fe80::/10
::1/128
CORS Domains:
.*\.lan
.*\.local
.*://localhost
.*://localhost:.*
.*://my\.mainsail\.xyz
.*://app\.fluidd\.xyz
2025-01-16 23:31:12,840 [server.py:load_component()] - Component (authorization) loaded
2025-01-16 23:31:12,868 [server.py:load_component()] - Component (klippy_apis) loaded
2025-01-16 23:31:14,273 [server.py:add_log_rollover_item()] - 
System Info:

***python***
  version: (3, 11, 2, 'final', 0)
  version_string: 3.11.2 (main, Nov 30 2024, 21:22:50) [GCC 12.2.0]

***cpu_info***
  cpu_count: 4
  bits: 64bit
  processor: x86_64
  cpu_desc: Intel(R) Core(TM) i5 CPU       M 460  @ 2.53GHz
  serial_number: 
  hardware_desc: 
  model: 
  total_memory: 5859492
  memory_units: kB

***sd_info***

***distribution***
  name: Debian GNU/Linux 12 (bookworm)
  id: debian
  version: 12
  version_parts: {'major': '12', 'minor': '', 'build_number': ''}
  like: 
  codename: bookworm
  release_info: {}
  kernel_version: 6.1.0-29-amd64

***virtualization***
  virt_type: none
  virt_identifier: none

***network***

***canbus***

***Allowed Services***
  klipper_mcu
  webcamd
  MoonCord
  KlipperScreen
  moonraker-telegram-bot
  moonraker-obico
  sonar
  crowsnest
  octoeverywhere
  ratos-configurator
2025-01-16 23:31:14,314 [server.py:load_component()] - Component (shell_command) loaded
2025-01-16 23:31:14,314 [machine.py:__init__()] - Using System Provider: systemd_dbus
2025-01-16 23:31:14,350 [server.py:add_log_rollover_item()] - Module libcamera unavailble, import failed
2025-01-16 23:31:14,350 [server.py:load_component()] - Component (machine) loaded
2025-01-16 23:31:14,385 [server.py:load_component()] - Component (data_store) loaded
2025-01-16 23:31:14,425 [proc_stats.py:__init__()] - Unable to find 'vcgencmd', throttle checking disabled
2025-01-16 23:31:14,426 [server.py:load_component()] - Component (proc_stats) loaded
2025-01-16 23:31:14,447 [server.py:load_component()] - Component (job_state) loaded
2025-01-16 23:31:14,449 [server.py:load_component()] - Component (job_queue) loaded
2025-01-16 23:31:14,477 [database.py:register_table()] - Found registered table job_history
2025-01-16 23:31:14,477 [database.py:register_table()] - Found registered table job_totals
2025-01-16 23:31:14,479 [server.py:load_component()] - Component (history) loaded
2025-01-16 23:31:14,603 [server.py:load_component()] - Component (http_client) loaded
2025-01-16 23:31:14,659 [server.py:load_component()] - Component (announcements) loaded
2025-01-16 23:31:14,715 [server.py:load_component()] - Component (webcam) loaded
2025-01-16 23:31:14,759 [server.py:load_component()] - Component (extensions) loaded
2025-01-16 23:31:15,036 [base_deploy.py:log_info()] - Git Repo moonraker: Detected virtualenv: /home/secretjameser/moonraker-env
2025-01-16 23:31:15,037 [base_deploy.py:log_info()] - Git Repo klipper: Detected virtualenv: /home/secretjameser/klippy-env
2025-01-16 23:31:15,041 [server.py:load_component()] - Component (update_manager) loaded
2025-01-16 23:31:15,057 [server.py:load_component()] - Component (octoprint_compat) loaded
2025-01-16 23:31:15,058 [server.py:_initialize_component()] - Performing Component Post Init: [database]
