-------------------- Log Start | Fri Jan  3 21:33:21 2025 --------------------
platform: Linux-6.1.0-28-amd64-x86_64-with-glibc2.36
data_path: /home/secretjameser/Ender3_data
is_default_data_path: False
config_file: /home/secretjameser/Ender3_data/config/moonraker.conf
backup_config: /home/secretjameser/Ender3_data/config/.moonraker.conf.bkp
startup_warnings: []
verbose: False
debug: False
asyncio_debug: False
is_backup_config: False
is_python_package: False
instance_uuid: f48e99d6eb394be794d7d750ca9f2811
unix_socket_path: /home/secretjameser/Ender3_data/comms/moonraker.sock
software_version: v0.9.3-1-g4e00a07
git_branch: master
git_remote: origin
git_repo_url: https://github.com/Arksine/moonraker.git
modified_files: []
unofficial_components: []
log_file: /home/secretjameser/Ender3_data/logs/moonraker.log
python_version: 3.11.2 (main, Sep 14 2024, 03:00:30) [GCC 12.2.0]
launch_args: /home/secretjameser/moonraker-env/bin/python /home/secretjameser/moonraker/moonraker/moonraker.py -d /home/secretjameser/Ender3_data
msgspec_enabled: False
uvloop_enabled: False

#################### Moonraker Configuration ####################

[server]
host = 0.0.0.0
port = 7126
klippy_uds_address = /home/secretjameser/Ender3_data/comms/klippy.sock

[file_manager]
enable_object_processing = True

[authorization]
trusted_clients = 
	10.0.0.0/8
	127.0.0.0/8
	169.254.0.0/16
	172.16.0.0/12
	192.168.0.0/16
	FE80::/10
	::1/128
cors_domains = 
	*.lan
	*.local
	*://localhost
	*://localhost:*
	*://my.mainsail.xyz
	*://app.fluidd.xyz

[octoprint_compat]

[history]

[update_manager]
channel = dev
refresh_interval = 168

[update_manager fluidd-config]
type = git_repo
primary_branch = master
path = ~/fluidd-config
origin = https://github.com/fluidd-core/fluidd-config.git
managed_services = klipper

[update_manager fluidd]
type = web
channel = stable
repo = fluidd-core/fluidd
path = ~/fluidd

[update_manager Klipper-Adaptive-Meshing-Purging]
type = git_repo
channel = dev
path = ~/Klipper-Adaptive-Meshing-Purging
origin = https://github.com/kyleisah/Klipper-Adaptive-Meshing-Purging.git
managed_services = klipper
primary_branch = main

[update_manager klipper-backup]
type = git_repo
path = ~/klipper-backup
origin = https://github.com/Staubgeborener/klipper-backup.git
managed_services = moonraker
primary_branch = main

#################################################################
All Configuration Files:
/home/secretjameser/Ender3_data/config/moonraker.conf
#################################################################
Loading Sqlite database provider. Sqlite Version: 3.40.1
Unsafe Shutdown Count: 0

System Info:

***python***
  version: (3, 11, 2, 'final', 0)
  version_string: 3.11.2 (main, Sep 14 2024, 03:00:30) [GCC 12.2.0]

***cpu_info***
  cpu_count: 4
  bits: 64bit
  processor: x86_64
  cpu_desc: Intel(R) Core(TM) i5 CPU       M 460  @ 2.53GHz
  serial_number: 
  hardware_desc: 
  model: 
  total_memory: 5859492
  memory_units: kB

***sd_info***

***distribution***
  name: Debian GNU/Linux 12 (bookworm)
  id: debian
  version: 12
  version_parts: {'major': '12', 'minor': '', 'build_number': ''}
  like: 
  codename: bookworm
  release_info: {}
  kernel_version: 6.1.0-28-amd64

***virtualization***
  virt_type: none
  virt_identifier: none

***network***

***canbus***

***Allowed Services***
  klipper_mcu
  webcamd
  MoonCord
  KlipperScreen
  moonraker-telegram-bot
  moonraker-obico
  sonar
  crowsnest
  octoeverywhere
  ratos-configurator
Module libcamera unavailble, import failed

Systemd unit moonraker-Ender3.service:
unit_name: moonraker-Ender3.service
is_default: False
manager: systemd
Properties:
**Requires=['network-online.target', '-.mount', 'sysinit.target', 'system.slice']
**After=['-.mount', 'network-online.target', 'sysinit.target', 'system.slice', 'systemd-journald.socket', 'basic.target']
**SupplementaryGroups=['moonraker-admin']
**EnvironmentFiles=/home/secretjameser/Ender3_data/systemd/moonraker.env
**ExecStart=/home/secretjameser/moonraker-env/bin/python $MOONRAKER_ARGS
**WorkingDirectory=/home/secretjameser/moonraker
**FragmentPath=/etc/systemd/system/moonraker-Ender3.service
**Description=API Server for Klipper SV1 Ender3
**User=secretjameser

Systemd unit klipper-Ender3.service:
unit_name: klipper-Ender3.service
is_default: False
manager: systemd
Properties:
**Requires=['sysinit.target', 'system.slice', '-.mount']
**After=['basic.target', 'network-online.target', 'system.slice', '-.mount', 'systemd-journald.socket', 'sysinit.target']
**SupplementaryGroups=[]
**EnvironmentFiles=/home/secretjameser/Ender3_data/systemd/klipper.env
**ExecStart=/home/secretjameser/klippy-env/bin/python $KLIPPER_ARGS
**WorkingDirectory=/home/secretjameser/klipper
**FragmentPath=/etc/systemd/system/klipper-Ender3.service
**Description=Klipper 3D Printer Firmware SV1
**User=secretjameser
Git Repo moonraker: No warnings detected
Git Repo klipper: No warnings detected
Git Repo fluidd-config: No warnings detected
Git Repo Klipper-Adaptive-Meshing-Purging: No warnings detected
Git Repo klipper-backup: No warnings detected
Klipper Version: v0.12.0-377-g9bd0d4757
2025-01-03 16:33:20,756 [proc_stats.py:_watchdog_callback()] - EVENT LOOP BLOCKED: 4.98 seconds, total blocked count: 5
2025-01-03 16:33:20,957 [proc_stats.py:log_last_stats()] - 
System Time: 1735618661.445110, Usage: 0.32%, Memory: 40376 kB
System Time: 1735618662.446306, Usage: 0.69%, Memory: 40376 kB
System Time: 1735618663.447887, Usage: 0.5%, Memory: 40376 kB
System Time: 1735618664.448665, Usage: 0.49%, Memory: 40376 kB
System Time: 1735940000.765472, Usage: 0.07%, Memory: 40376 kB
2025-01-03 16:33:26,772 [machine.py:_find_public_ip()] - Failed to detect local IP address
2025-01-03 16:33:26,772 [webcam.py:_set_default_host_ip()] - Default public webcam address set: http://127.0.0.1
2025-01-03 16:33:36,781 [machine.py:_find_public_ip()] - Detected Local IP: 192.168.1.38
2025-01-03 16:33:36,781 [webcam.py:_set_default_host_ip()] - Default public webcam address set: http://192.168.1.38
2025-01-03 16:33:52,632 [server.py:_handle_term_signal()] - Exiting with signal SIGTERM
2025-01-03 16:34:00,519 [klippy_connection.py:_on_connection_closed()] - Klippy Connection Removed
2025-01-03 16:34:00,519 [proc_stats.py:_watchdog_callback()] - EVENT LOOP BLOCKED: 7.89 seconds, total blocked count: 6
2025-01-03 16:34:04,182 [proc_stats.py:log_last_stats()] - 
System Time: 1735940024.783859, Usage: 0.4%, Memory: 40380 kB
System Time: 1735940025.785502, Usage: 0.24%, Memory: 40380 kB
System Time: 1735940026.787944, Usage: 0.28%, Memory: 40380 kB
System Time: 1735940027.788207, Usage: 0.74%, Memory: 40380 kB
System Time: 1735940028.793913, Usage: 0.51%, Memory: 40380 kB
2025-01-03 16:34:15,525 [server.py:main()] - Server Shutdown
-------------------- Log Start | Fri Jan  3 21:45:54 2025 --------------------
platform: Linux-6.1.0-28-amd64-x86_64-with-glibc2.36
data_path: /home/secretjameser/Ender3_data
is_default_data_path: False
config_file: /home/secretjameser/Ender3_data/config/moonraker.conf
backup_config: /home/secretjameser/Ender3_data/config/.moonraker.conf.bkp
startup_warnings: []
verbose: False
debug: False
asyncio_debug: False
is_backup_config: False
is_python_package: False
instance_uuid: f48e99d6eb394be794d7d750ca9f2811
unix_socket_path: /home/secretjameser/Ender3_data/comms/moonraker.sock
software_version: v0.9.3-1-g4e00a07
git_branch: master
git_remote: origin
git_repo_url: https://github.com/Arksine/moonraker.git
modified_files: []
unofficial_components: []
log_file: /home/secretjameser/Ender3_data/logs/moonraker.log
python_version: 3.11.2 (main, Sep 14 2024, 03:00:30) [GCC 12.2.0]
launch_args: /home/secretjameser/moonraker-env/bin/python /home/secretjameser/moonraker/moonraker/moonraker.py -d /home/secretjameser/Ender3_data
msgspec_enabled: False
uvloop_enabled: False
2025-01-03 16:45:54,606 [confighelper.py:read_file()] - Configuration File '/home/secretjameser/Ender3_data/config/moonraker.conf' parsed, total size: 1189 B
2025-01-03 16:45:54,606 [server.py:add_log_rollover_item()] - 
#################### Moonraker Configuration ####################

[server]
host = 0.0.0.0
port = 7126
klippy_uds_address = /home/secretjameser/Ender3_data/comms/klippy.sock

[file_manager]
enable_object_processing = True

[authorization]
trusted_clients = 
	10.0.0.0/8
	127.0.0.0/8
	169.254.0.0/16
	172.16.0.0/12
	192.168.0.0/16
	FE80::/10
	::1/128
cors_domains = 
	*.lan
	*.local
	*://localhost
	*://localhost:*
	*://my.mainsail.xyz
	*://app.fluidd.xyz

[octoprint_compat]

[history]

[update_manager]
channel = dev
refresh_interval = 168

[update_manager fluidd-config]
type = git_repo
primary_branch = master
path = ~/fluidd-config
origin = https://github.com/fluidd-core/fluidd-config.git
managed_services = klipper

[update_manager fluidd]
type = web
channel = stable
repo = fluidd-core/fluidd
path = ~/fluidd

[update_manager Klipper-Adaptive-Meshing-Purging]
type = git_repo
channel = dev
path = ~/Klipper-Adaptive-Meshing-Purging
origin = https://github.com/kyleisah/Klipper-Adaptive-Meshing-Purging.git
managed_services = klipper
primary_branch = main

[update_manager klipper-backup]
type = git_repo
path = ~/klipper-backup
origin = https://github.com/Staubgeborener/klipper-backup.git
managed_services = moonraker
primary_branch = main

#################################################################
All Configuration Files:
/home/secretjameser/Ender3_data/config/moonraker.conf
#################################################################
2025-01-03 16:45:56,158 [server.py:load_component()] - Component (secrets) loaded
2025-01-03 16:45:56,405 [server.py:load_component()] - Component (template) loaded
2025-01-03 16:45:56,407 [server.py:load_component()] - Component (klippy_connection) loaded
2025-01-03 16:46:09,226 [server.py:load_component()] - Component (application) loaded
2025-01-03 16:46:09,471 [server.py:load_component()] - Component (websockets) loaded
2025-01-03 16:46:09,812 [server.py:add_log_rollover_item()] - Loading Sqlite database provider. Sqlite Version: 3.40.1
2025-01-03 16:46:09,814 [server.py:add_log_rollover_item()] - Unsafe Shutdown Count: 0
2025-01-03 16:46:09,817 [server.py:load_component()] - Component (database) loaded
2025-01-03 16:46:10,939 [server.py:load_component()] - Component (dbus_manager) loaded
2025-01-03 16:46:11,313 [file_manager.py:__init__()] - Using File System Observer: inotify
2025-01-03 16:46:11,838 [server.py:load_component()] - Component (file_manager) loaded
2025-01-03 16:46:12,065 [database.py:register_table()] - Found registered table authorized_users
2025-01-03 16:46:12,067 [authorization.py:__init__()] - Authorization Configuration Loaded
Trusted Clients:
10.0.0.0/8
127.0.0.0/8
169.254.0.0/16
172.16.0.0/12
192.168.0.0/16
fe80::/10
::1/128
CORS Domains:
.*\.lan
.*\.local
.*://localhost
.*://localhost:.*
.*://my\.mainsail\.xyz
.*://app\.fluidd\.xyz
2025-01-03 16:46:12,069 [server.py:load_component()] - Component (authorization) loaded
2025-01-03 16:46:12,108 [server.py:load_component()] - Component (klippy_apis) loaded
2025-01-03 16:46:13,070 [server.py:add_log_rollover_item()] - 
System Info:

***python***
  version: (3, 11, 2, 'final', 0)
  version_string: 3.11.2 (main, Sep 14 2024, 03:00:30) [GCC 12.2.0]

***cpu_info***
  cpu_count: 4
  bits: 64bit
  processor: x86_64
  cpu_desc: Intel(R) Core(TM) i5 CPU       M 460  @ 2.53GHz
  serial_number: 
  hardware_desc: 
  model: 
  total_memory: 5859496
  memory_units: kB

***sd_info***

***distribution***
  name: Debian GNU/Linux 12 (bookworm)
  id: debian
  version: 12
  version_parts: {'major': '12', 'minor': '', 'build_number': ''}
  like: 
  codename: bookworm
  release_info: {}
  kernel_version: 6.1.0-28-amd64

***virtualization***
  virt_type: none
  virt_identifier: none

***network***

***canbus***

***Allowed Services***
  klipper_mcu
  webcamd
  MoonCord
  KlipperScreen
  moonraker-telegram-bot
  moonraker-obico
  sonar
  crowsnest
  octoeverywhere
  ratos-configurator
2025-01-03 16:46:13,132 [server.py:load_component()] - Component (shell_command) loaded
2025-01-03 16:46:13,132 [machine.py:__init__()] - Using System Provider: systemd_dbus
2025-01-03 16:46:13,168 [server.py:add_log_rollover_item()] - Module libcamera unavailble, import failed
2025-01-03 16:46:13,168 [server.py:load_component()] - Component (machine) loaded
2025-01-03 16:46:13,203 [server.py:load_component()] - Component (data_store) loaded
2025-01-03 16:46:13,243 [proc_stats.py:__init__()] - Unable to find 'vcgencmd', throttle checking disabled
2025-01-03 16:46:13,244 [server.py:load_component()] - Component (proc_stats) loaded
2025-01-03 16:46:13,272 [server.py:load_component()] - Component (job_state) loaded
2025-01-03 16:46:13,274 [server.py:load_component()] - Component (job_queue) loaded
2025-01-03 16:46:13,306 [database.py:register_table()] - Found registered table job_history
2025-01-03 16:46:13,307 [database.py:register_table()] - Found registered table job_totals
2025-01-03 16:46:13,308 [server.py:load_component()] - Component (history) loaded
2025-01-03 16:46:13,410 [server.py:load_component()] - Component (http_client) loaded
2025-01-03 16:46:13,466 [server.py:load_component()] - Component (announcements) loaded
2025-01-03 16:46:13,489 [server.py:load_component()] - Component (webcam) loaded
2025-01-03 16:46:13,490 [server.py:load_component()] - Component (extensions) loaded
2025-01-03 16:46:13,528 [server.py:load_component()] - Component (octoprint_compat) loaded
2025-01-03 16:46:13,769 [base_deploy.py:log_info()] - Git Repo moonraker: Detected virtualenv: /home/secretjameser/moonraker-env
2025-01-03 16:46:13,771 [base_deploy.py:log_info()] - Git Repo klipper: Detected virtualenv: /home/secretjameser/klippy-env
2025-01-03 16:46:13,776 [server.py:load_component()] - Component (update_manager) loaded
2025-01-03 16:46:13,777 [server.py:_initialize_component()] - Performing Component Post Init: [database]
2025-01-03 16:46:14,284 [server.py:_initialize_component()] - Performing Component Post Init: [dbus_manager]
2025-01-03 16:46:14,294 [server.py:_initialize_component()] - Performing Component Post Init: [file_manager]
2025-01-03 16:46:14,296 [server.py:_initialize_component()] - Performing Component Post Init: [authorization]
2025-01-03 16:46:14,298 [server.py:_initialize_component()] - Performing Component Post Init: [machine]
2025-01-03 16:46:14,299 [machine.py:validation_init()] - Installation version in database up to date
2025-01-03 16:46:14,519 [machine.py:check_virt_status()] - No Virtualization Detected
2025-01-03 16:46:14,551 [machine.py:_find_public_ip()] - Detected Local IP: 192.168.1.38
2025-01-03 16:46:14,552 [webcam.py:_set_default_host_ip()] - Default public webcam address set: http://192.168.1.38
2025-01-03 16:46:14,575 [machine.py:extract_service_info()] - Detected alternate unit name for moonraker: moonraker-Ender3.service
2025-01-03 16:46:14,583 [server.py:add_log_rollover_item()] - 
Systemd unit moonraker-Ender3.service:
unit_name: moonraker-Ender3.service
is_default: False
manager: systemd
Properties:
**Requires=['network-online.target', 'system.slice', '-.mount', 'sysinit.target']
**After=['-.mount', 'sysinit.target', 'basic.target', 'network-online.target', 'system.slice', 'systemd-journald.socket']
**SupplementaryGroups=['moonraker-admin']
**EnvironmentFiles=/home/secretjameser/Ender3_data/systemd/moonraker.env
**ExecStart=/home/secretjameser/moonraker-env/bin/python $MOONRAKER_ARGS
**WorkingDirectory=/home/secretjameser/moonraker
**FragmentPath=/etc/systemd/system/moonraker-Ender3.service
**Description=API Server for Klipper SV1 Ender3
**User=secretjameser
2025-01-03 16:46:14,583 [server.py:_initialize_component()] - Performing Component Post Init: [proc_stats]
2025-01-03 16:46:14,583 [server.py:_initialize_component()] - Performing Component Post Init: [history]
2025-01-03 16:46:14,589 [server.py:_initialize_component()] - Performing Component Post Init: [announcements]
2025-01-03 16:46:14,596 [server.py:_initialize_component()] - Performing Component Post Init: [webcam]
2025-01-03 16:46:14,596 [webcam.py:_set_default_host_ip()] - Default public webcam address set: http://192.168.1.38
2025-01-03 16:46:14,598 [server.py:_initialize_component()] - Performing Component Post Init: [klippy_connection]
2025-01-03 16:46:14,598 [server.py:add_log_rollover_item()] - 
Systemd unit klipper-Ender3.service:
unit_name: klipper-Ender3.service
is_default: False
manager: systemd
Properties:
**Requires=['sysinit.target', 'system.slice', '-.mount']
**After=['basic.target', 'network-online.target', 'system.slice', '-.mount', 'systemd-journald.socket', 'sysinit.target']
**SupplementaryGroups=[]
**EnvironmentFiles=/home/secretjameser/Ender3_data/systemd/klipper.env
**ExecStart=/home/secretjameser/klippy-env/bin/python $KLIPPER_ARGS
**WorkingDirectory=/home/secretjameser/klipper
**FragmentPath=/etc/systemd/system/klipper-Ender3.service
**Description=Klipper 3D Printer Firmware SV1
**User=secretjameser
2025-01-03 16:46:14,598 [server.py:_initialize_component()] - Performing Component Post Init: [update_manager]
2025-01-03 16:46:14,602 [server.py:add_log_rollover_item()] - Multiple instances of Moonraker have the update manager enabled.
moonraker-Ender3Pro:f5a595eb585d48de9e462abc9c33a19b:688
moonraker-Ender3:f48e99d6eb394be794d7d750ca9f2811:687
2025-01-03 16:46:15,439 [base_deploy.py:log_info()] - PackageDeploy: PackageKit Provider Configured
2025-01-03 16:46:15,527 [extensions.py:start_unix_server()] - Creating Unix Domain Socket at '/home/secretjameser/Ender3_data/comms/moonraker.sock'
2025-01-03 16:46:15,530 [server.py:start_server()] - Starting Moonraker on (0.0.0.0, 7126), Hostname: debian
2025-01-03 16:46:15,531 [application.py:listen()] - SSL Certificate/Key not configured, aborting HTTPS Server startup
2025-01-03 16:46:15,782 [klippy_connection.py:_do_connect()] - Klippy Connection Established
2025-01-03 16:46:15,798 [machine.py:extract_service_info()] - Detected alternate unit name for klipper: klipper-Ender3.service
2025-01-03 16:46:15,812 [server.py:add_log_rollover_item()] - 
Systemd unit klipper-Ender3.service:
unit_name: klipper-Ender3.service
is_default: False
manager: systemd
Properties:
**Requires=['-.mount', 'system.slice', 'sysinit.target']
**After=['systemd-journald.socket', '-.mount', 'network-online.target', 'sysinit.target', 'system.slice', 'basic.target']
**SupplementaryGroups=[]
**EnvironmentFiles=/home/secretjameser/Ender3_data/systemd/klipper.env
**ExecStart=/home/secretjameser/klippy-env/bin/python $KLIPPER_ARGS
**WorkingDirectory=/home/secretjameser/klipper
**FragmentPath=/etc/systemd/system/klipper-Ender3.service
**Description=Klipper 3D Printer Firmware SV1
**User=secretjameser
2025-01-03 16:46:16,064 [server.py:add_log_rollover_item()] - Klipper Version: v0.12.0-377-g9bd0d4757
2025-01-03 16:46:30,637 [base_deploy.py:log_info()] - PackageKit: Detected 13 package updates:
code
gir1.2-javascriptcoregtk-4.0
gir1.2-javascriptcoregtk-4.1
gir1.2-webkit2-4.0
gir1.2-webkit2-4.1
gstreamer1.0-gtk3
gstreamer1.0-plugins-good
libjavascriptcoregtk-4.0-18
libjavascriptcoregtk-4.1-0
libjavascriptcoregtk-6.0-1
libwebkit2gtk-4.0-37
libwebkit2gtk-4.1-0
libwebkitgtk-6.0-4
2025-01-03 16:46:30,643 [shell_command.py:_check_proc_success()] - Command (git -C /home/secretjameser/moonraker status --porcelain -b) successfully finished
2025-01-03 16:46:30,647 [shell_command.py:_check_proc_success()] - Command (git -C /home/secretjameser/moonraker branch --list --no-color) successfully finished
2025-01-03 16:46:30,654 [shell_command.py:_check_proc_success()] - Command (git -C /home/secretjameser/moonraker remote get-url origin) successfully finished
